15:00:23: Creating resource group General
15:00:23: Creating resource group Internal
15:00:23: Creating resource group Autodetect
15:00:23: SceneManagerFactory for type 'DefaultSceneManager' registered.
15:00:23: Registering ResourceManager for type Material
15:00:23: Registering ResourceManager for type Mesh
15:00:23: Registering ResourceManager for type Skeleton
15:00:23: MovableObjectFactory for type 'ParticleSystem' registered.
15:00:23: OverlayElementFactory for type Panel registered.
15:00:23: OverlayElementFactory for type BorderPanel registered.
15:00:23: OverlayElementFactory for type TextArea registered.
15:00:23: Registering ResourceManager for type Font
15:00:23: ArchiveFactory for archive type FileSystem registered.
15:00:23: ArchiveFactory for archive type Zip registered.
15:00:23: FreeImage version: 3.10.0
15:00:23: This program uses FreeImage, a free, open source image library supporting all common bitmap formats. See http://freeimage.sourceforge.net for details
15:00:23: Supported formats: bmp,ico,jpg,jif,jpeg,jpe,jng,koa,iff,lbm,mng,pbm,pbm,pcd,pcx,pgm,pgm,png,ppm,ppm,ras,tga,targa,tif,tiff,wap,wbmp,wbm,psd,cut,xbm,xpm,gif,hdr,g3,sgi,exr,j2k,j2c,jp2
15:00:23: DDS codec registering
15:00:23: Registering ResourceManager for type HighLevelGpuProgram
15:00:23: Registering ResourceManager for type Compositor
15:00:23: MovableObjectFactory for type 'Entity' registered.
15:00:23: MovableObjectFactory for type 'Light' registered.
15:00:23: MovableObjectFactory for type 'BillboardSet' registered.
15:00:23: MovableObjectFactory for type 'ManualObject' registered.
15:00:23: MovableObjectFactory for type 'BillboardChain' registered.
15:00:23: MovableObjectFactory for type 'RibbonTrail' registered.
15:00:23: OGRE EXCEPTION(6:FileNotFoundException): 'plugins.cfg' file not found! in ConfigFile::load at ..\src\OgreConfigFile.cpp (line 84)
15:00:23: plugins.cfg not found, automatic plugin loading disabled.
15:00:23: *-*-* OGRE Initialising
15:00:23: *-*-* Version 1.6.4 (Shoggoth)
15:00:23: OGRE EXCEPTION(6:FileNotFoundException): 'ogre.cfg' file not found! in ConfigFile::load at ..\src\OgreConfigFile.cpp (line 84)
15:00:23: OGRE EXCEPTION(6:FileNotFoundException): 'ogre.cfg' file not found! in ConfigFile::load at ..\src\OgreConfigFile.cpp (line 84)
15:00:26: OGRE EXCEPTION(1:InvalidStateException): Cannot initialise - no render system has been selected. in Root::initialise at ..\src\OgreRoot.cpp (line 510)
15:00:26: *-*-* OGRE Shutdown
15:00:26: Unregistering ResourceManager for type Compositor
15:00:26: Unregistering ResourceManager for type Font
15:00:26: Unregistering ResourceManager for type Skeleton
15:00:26: Unregistering ResourceManager for type Mesh
15:00:26: Unregistering ResourceManager for type HighLevelGpuProgram
15:00:26: Unregistering ResourceManager for type Material
